SF:lib/screens/sign_up/sign_up_screen.dart
DA:8,1
DA:9,1
DA:20,1
DA:22,1
DA:23,1
DA:24,1
DA:25,1
DA:28,1
DA:29,1
DA:30,1
DA:33,1
DA:35,1
DA:36,1
DA:37,2
DA:38,1
DA:39,1
DA:40,1
DA:41,1
DA:42,1
DA:43,1
DA:44,1
DA:49,1
DA:51,1
DA:52,1
DA:53,2
DA:54,1
DA:55,1
DA:56,1
DA:57,1
DA:58,1
DA:60,1
DA:61,1
DA:66,1
DA:68,1
DA:69,1
DA:70,2
DA:71,1
DA:72,1
DA:73,1
DA:74,1
DA:75,1
DA:76,1
DA:77,1
DA:82,1
DA:85,1
DA:87,1
DA:88,1
DA:89,1
DA:90,1
DA:91,1
DA:93,1
DA:94,1
DA:95,1
DA:97,1
DA:103,1
DA:106,1
DA:108,1
DA:109,1
DA:110,1
DA:112,1
DA:113,1
DA:114,1
DA:115,3
DA:116,1
DA:119,1
DA:120,1
DA:121,1
DA:123,1
DA:131,1
DA:132,1
DA:133,1
DA:134,1
DA:137,1
DA:138,1
DA:144,1
DA:145,2
DA:146,4
DA:147,4
DA:148,3
DA:150,2
DA:151,2
DA:152,6
DA:153,2
LF:83
LH:83
end_of_record
SF:lib/routes.dart
DA:7,3
DA:8,2
DA:9,2
DA:10,0
DA:11,2
DA:12,2
LF:6
LH:5
end_of_record
SF:lib/screens/form_screen/form_screen.dart
DA:8,1
DA:9,1
DA:21,1
DA:23,2
DA:24,2
DA:25,1
DA:28,1
DA:30,1
DA:31,1
DA:32,1
DA:33,1
DA:35,1
DA:36,1
DA:37,1
DA:40,1
DA:41,1
DA:42,1
DA:43,1
DA:44,1
DA:46,1
DA:47,1
DA:51,1
DA:52,1
DA:53,1
DA:54,1
DA:55,0
DA:56,0
DA:59,0
DA:65,1
DA:66,1
DA:67,1
DA:71,1
DA:72,1
DA:73,1
DA:74,1
DA:76,1
DA:77,1
DA:81,1
DA:82,1
DA:83,1
DA:84,1
DA:85,0
DA:86,0
DA:88,0
DA:90,0
DA:91,0
DA:97,1
DA:98,1
DA:99,1
DA:103,1
DA:104,1
DA:105,1
DA:106,1
DA:108,1
DA:109,1
DA:113,1
DA:114,1
DA:115,1
DA:120,1
DA:124,0
DA:125,0
DA:126,0
DA:129,1
DA:130,2
DA:131,1
DA:133,1
DA:135,1
DA:139,1
DA:140,1
DA:141,1
DA:142,1
DA:144,1
DA:145,1
DA:149,1
DA:150,1
DA:151,1
DA:156,1
DA:160,0
DA:161,0
DA:162,0
DA:165,1
DA:166,2
DA:167,1
DA:169,1
DA:171,1
DA:175,1
DA:176,1
DA:177,1
DA:178,1
DA:180,1
DA:181,1
DA:185,1
DA:186,1
DA:187,1
DA:191,1
DA:197,1
DA:198,1
DA:202,1
DA:206,1
DA:210,1
DA:214,1
DA:218,1
DA:222,1
DA:231,0
DA:232,0
DA:234,0
DA:235,0
DA:238,2
DA:239,2
DA:240,2
DA:241,1
DA:246,1
DA:249,1
DA:250,1
DA:251,1
DA:252,1
DA:257,0
DA:258,0
DA:261,0
DA:265,0
DA:270,1
DA:272,2
LF:122
LH:100
end_of_record
SF:lib/screens/sign_in/sign_in_screen.dart
DA:7,1
DA:8,1
DA:16,1
DA:18,1
DA:19,1
DA:20,1
DA:21,1
DA:24,1
DA:25,1
DA:26,1
DA:31,1
DA:34,1
DA:36,1
DA:37,1
DA:38,2
DA:39,1
DA:40,1
DA:41,1
DA:42,1
DA:43,1
DA:44,1
DA:45,1
DA:50,1
DA:52,1
DA:53,1
DA:54,2
DA:55,1
DA:56,1
DA:57,1
DA:58,1
DA:59,1
DA:61,1
DA:62,1
DA:67,1
DA:70,1
DA:72,1
DA:73,1
DA:74,1
DA:76,1
DA:77,1
DA:78,1
DA:79,1
DA:80,1
DA:81,1
DA:84,1
DA:85,1
DA:86,1
DA:88,1
DA:96,1
DA:99,1
DA:100,0
DA:101,0
DA:103,1
DA:104,1
DA:105,1
DA:107,1
DA:108,1
DA:109,1
DA:111,1
DA:118,1
DA:124,1
DA:125,2
DA:126,1
DA:127,5
LF:64
LH:62
end_of_record
SF:lib/screens/start_screen/start_screen.dart
DA:8,1
DA:10,1
DA:11,1
DA:12,1
DA:13,1
DA:15,1
DA:17,1
DA:18,2
LF:8
LH:8
end_of_record
SF:lib/utils/inputValidator.dart
DA:1,0
DA:2,0
DA:4,0
DA:7,1
DA:13,2
DA:14,1
DA:26,1
DA:28,1
DA:30,1
LF:9
LH:6
end_of_record
SF:lib/utils/authentication.dart
DA:1,3
DA:2,1
DA:3,1
DA:4,1
DA:5,1
DA:8,1
DA:9,5
DA:10,4
DA:13,1
DA:14,2
DA:17,3
LF:11
LH:11
end_of_record
SF:lib/screens/start_screen/body/body.dart
DA:6,1
DA:8,1
DA:9,1
DA:11,1
DA:12,1
DA:13,1
DA:14,1
DA:15,1
DA:16,1
DA:19,1
DA:20,1
DA:21,0
DA:22,0
DA:24,1
DA:25,1
DA:26,1
DA:31,1
DA:32,1
DA:35,1
DA:36,1
DA:37,1
DA:38,1
DA:40,1
DA:41,1
DA:42,1
DA:47,1
LF:26
LH:24
end_of_record
