SF:lib/routes.dart
DA:7,6
DA:8,4
DA:9,4
DA:10,2
DA:11,4
LF:5
LH:5
end_of_record
SF:lib/screens/sign_in/sign_in_screen.dart
DA:8,2
DA:9,2
DA:17,2
DA:19,2
DA:20,2
DA:21,2
DA:22,2
DA:25,2
DA:26,2
DA:27,2
DA:30,2
DA:32,2
DA:33,2
DA:34,4
DA:35,2
DA:36,2
DA:37,2
DA:38,2
DA:39,2
DA:40,2
DA:41,2
DA:46,2
DA:48,2
DA:49,2
DA:50,4
DA:51,2
DA:52,2
DA:53,2
DA:54,2
DA:55,2
DA:57,2
DA:58,2
DA:63,2
DA:66,2
DA:68,2
DA:69,2
DA:70,2
DA:72,2
DA:73,2
DA:74,2
DA:75,2
DA:76,2
DA:77,1
DA:80,2
DA:81,2
DA:82,2
DA:84,2
DA:90,2
DA:93,2
DA:94,1
DA:95,1
DA:97,2
DA:98,2
DA:99,2
DA:100,2
DA:102,2
DA:103,2
DA:104,2
DA:106,2
DA:112,2
DA:113,1
DA:119,2
DA:120,4
DA:121,2
DA:122,10
LF:65
LH:65
end_of_record
SF:lib/screens/form_screen/form_screen.dart
DA:8,2
DA:9,2
DA:21,2
DA:23,4
DA:24,4
DA:25,2
DA:28,2
DA:30,2
DA:31,2
DA:32,2
DA:33,2
DA:35,4
DA:36,2
DA:37,2
DA:38,2
DA:41,2
DA:42,2
DA:43,2
DA:44,2
DA:45,2
DA:47,2
DA:48,2
DA:52,2
DA:53,2
DA:54,2
DA:55,2
DA:56,1
DA:57,1
DA:60,1
DA:66,2
DA:67,2
DA:68,2
DA:72,2
DA:73,2
DA:74,2
DA:75,2
DA:77,2
DA:78,2
DA:82,2
DA:83,2
DA:84,2
DA:85,2
DA:86,1
DA:87,1
DA:89,1
DA:91,2
DA:92,2
DA:98,2
DA:99,2
DA:100,2
DA:104,2
DA:105,2
DA:106,2
DA:107,2
DA:109,2
DA:110,2
DA:114,2
DA:115,2
DA:116,2
DA:117,2
DA:122,2
DA:126,1
DA:127,2
DA:128,1
DA:131,2
DA:132,4
DA:133,2
DA:135,2
DA:137,2
DA:141,2
DA:142,2
DA:143,2
DA:144,2
DA:146,2
DA:147,2
DA:151,2
DA:152,2
DA:153,2
DA:154,2
DA:159,2
DA:163,1
DA:164,2
DA:165,1
DA:168,2
DA:169,4
DA:170,2
DA:172,2
DA:174,2
DA:178,2
DA:179,2
DA:180,2
DA:181,2
DA:183,2
DA:184,2
DA:188,2
DA:189,2
DA:190,2
DA:194,2
DA:200,2
DA:201,2
DA:205,2
DA:209,2
DA:213,2
DA:217,2
DA:221,2
DA:225,2
DA:234,1
DA:235,2
DA:237,1
DA:238,2
DA:241,4
DA:242,4
DA:243,4
DA:244,2
DA:249,2
DA:252,2
DA:253,2
DA:254,2
DA:255,2
DA:260,1
DA:261,3
DA:264,2
DA:268,2
DA:273,2
DA:275,4
LF:125
LH:125
end_of_record
SF:lib/utils/inputValidator.dart
DA:1,1
DA:2,1
DA:4,1
DA:7,1
DA:13,2
DA:14,1
DA:26,1
DA:28,1
DA:30,1
LF:9
LH:9
end_of_record
SF:lib/screens/sign_up/sign_up_screen.dart
DA:8,2
DA:9,2
DA:20,2
DA:22,2
DA:23,2
DA:24,2
DA:25,2
DA:28,2
DA:29,2
DA:30,2
DA:33,2
DA:35,2
DA:36,2
DA:37,4
DA:38,2
DA:39,2
DA:40,2
DA:41,2
DA:42,2
DA:43,2
DA:44,2
DA:49,2
DA:51,2
DA:52,2
DA:53,4
DA:54,2
DA:55,2
DA:56,2
DA:57,2
DA:58,2
DA:60,2
DA:61,2
DA:66,2
DA:68,2
DA:69,2
DA:70,4
DA:71,2
DA:72,2
DA:73,2
DA:74,2
DA:75,2
DA:76,2
DA:77,2
DA:82,2
DA:85,2
DA:87,2
DA:88,2
DA:89,2
DA:90,2
DA:91,2
DA:93,2
DA:94,2
DA:95,2
DA:97,2
DA:103,2
DA:106,2
DA:108,2
DA:109,2
DA:110,2
DA:112,2
DA:113,1
DA:114,1
DA:115,3
DA:116,1
DA:119,2
DA:120,2
DA:121,2
DA:123,2
DA:131,2
DA:132,1
DA:133,2
DA:134,1
DA:137,2
DA:138,1
DA:144,1
DA:145,2
DA:146,4
DA:147,4
DA:148,3
DA:150,2
DA:151,2
DA:152,6
DA:153,2
LF:83
LH:83
end_of_record
SF:lib/screens/start_screen/start_screen.dart
DA:8,2
DA:10,2
DA:11,2
DA:12,2
DA:13,2
DA:15,2
DA:17,2
DA:18,4
LF:8
LH:8
end_of_record
SF:lib/utils/authentication.dart
DA:1,6
DA:2,2
DA:3,2
DA:4,2
DA:5,2
DA:8,2
DA:9,10
DA:10,8
DA:13,1
DA:14,2
DA:17,3
LF:11
LH:11
end_of_record
SF:lib/screens/start_screen/body/body.dart
DA:6,2
DA:8,2
DA:9,2
DA:11,2
DA:12,2
DA:13,2
DA:14,2
DA:15,2
DA:16,2
DA:19,2
DA:20,2
DA:21,1
DA:22,1
DA:24,2
DA:25,2
DA:26,2
DA:31,2
DA:32,2
DA:35,2
DA:36,2
DA:37,1
DA:38,1
DA:40,2
DA:41,2
DA:42,2
DA:47,2
LF:26
LH:26
end_of_record
